# JRE version: OpenJDK Runtime Environment (8.0_222-b10) (build 1.8.0_222-8u222-b10-1ubuntu1~16.04.1-b10)
# Java VM: OpenJDK 64-Bit Server VM (25.222-b10 mixed mode linux-amd64 compressed oops)
Heap:
 PSYoungGen      total 442880K, used 16283K [0x00000000d7000000, 0x00000000f3e80000, 0x0000000100000000)
  eden space 424960K, 0% used [0x00000000d7000000,0x00000000d7000000,0x00000000f0f00000)
  from space 17920K, 90% used [0x00000000f1b80000,0x00000000f2b66f48,0x00000000f2d00000)
  to   space 13824K, 0% used [0x00000000f3100000,0x00000000f3100000,0x00000000f3e80000)
 ParOldGen       total 92672K, used 35541K [0x0000000085000000, 0x000000008aa80000, 0x00000000d7000000)
  object space 92672K, 38% used [0x0000000085000000,0x00000000872b55c8,0x000000008aa80000)
 Metaspace       used 77045K, capacity 80962K, committed 81024K, reserved 1120256K
  class space    used 9395K, capacity 10056K, committed 10112K, reserved 1048576K
GC Heap History (10 events):
Event: 12.036 GC heap after
Heap after GC invocations=11 (full 2):
 PSYoungGen      total 231424K, used 0K [0x00000000d7000000, 0x00000000ec880000, 0x0000000100000000)
  eden space 219136K, 0% used [0x00000000d7000000,0x00000000d7000000,0x00000000e4600000)
  from space 12288K, 0% used [0x00000000e4600000,0x00000000e4600000,0x00000000e5200000)
  to   space 12800K, 0% used [0x00000000ebc00000,0x00000000ebc00000,0x00000000ec880000)
 ParOldGen       total 65536K, used 14244K [0x0000000085000000, 0x0000000089000000, 0x00000000d7000000)
  object space 65536K, 21% used [0x0000000085000000,0x0000000085de92b0,0x0000000089000000)
 Metaspace       used 33599K, capacity 35408K, committed 35496K, reserved 1081344K
  class space    used 4256K, capacity 4584K, committed 4608K, reserved 1048576K
}
Event: 16.308 GC heap before
{Heap before GC invocations=12 (full 2):
 PSYoungGen      total 231424K, used 219136K [0x00000000d7000000, 0x00000000ec880000, 0x0000000100000000)
  eden space 219136K, 100% used [0x00000000d7000000,0x00000000e4600000,0x00000000e4600000)
  from space 12288K, 0% used [0x00000000e4600000,0x00000000e4600000,0x00000000e5200000)
  to   space 12800K, 0% used [0x00000000ebc00000,0x00000000ebc00000,0x00000000ec880000)
 ParOldGen       total 65536K, used 14244K [0x0000000085000000, 0x0000000089000000, 0x00000000d7000000)
  object space 65536K, 21% used [0x0000000085000000,0x0000000085de92b0,0x0000000089000000)
 Metaspace       used 50282K, capacity 52502K, committed 52736K, reserved 1095680K
  class space    used 6624K, capacity 7055K, committed 7168K, reserved 1048576K
Event: 16.326 GC heap after
Heap after GC invocations=12 (full 2):
 PSYoungGen      total 327680K, used 12790K [0x00000000d7000000, 0x00000000ec880000, 0x0000000100000000)
  eden space 314880K, 0% used [0x00000000d7000000,0x00000000d7000000,0x00000000ea380000)
  from space 12800K, 99% used [0x00000000ebc00000,0x00000000ec87da38,0x00000000ec880000)
  to   space 17408K, 0% used [0x00000000ea680000,0x00000000ea680000,0x00000000eb780000)
 ParOldGen       total 65536K, used 21534K [0x0000000085000000, 0x0000000089000000, 0x00000000d7000000)
  object space 65536K, 32% used [0x0000000085000000,0x00000000865079f8,0x0000000089000000)
 Metaspace       used 50282K, capacity 52502K, committed 52736K, reserved 1095680K
  class space    used 6624K, capacity 7055K, committed 7168K, reserved 1048576K
}
Event: 20.865 GC heap before
{Heap before GC invocations=13 (full 2):
 PSYoungGen      total 327680K, used 128371K [0x00000000d7000000, 0x00000000ec880000, 0x0000000100000000)
  eden space 314880K, 36% used [0x00000000d7000000,0x00000000de0df4c0,0x00000000ea380000)
  from space 12800K, 99% used [0x00000000ebc00000,0x00000000ec87da38,0x00000000ec880000)
  to   space 17408K, 0% used [0x00000000ea680000,0x00000000ea680000,0x00000000eb780000)
 ParOldGen       total 65536K, used 21534K [0x0000000085000000, 0x0000000089000000, 0x00000000d7000000)
  object space 65536K, 32% used [0x0000000085000000,0x00000000865079f8,0x0000000089000000)
 Metaspace       used 56394K, capacity 59100K, committed 59136K, reserved 1099776K
  class space    used 7425K, capacity 7914K, committed 7936K, reserved 1048576K
Event: 20.886 GC heap after
Heap after GC invocations=13 (full 2):
 PSYoungGen      total 335360K, used 8448K [0x00000000d7000000, 0x00000000f4100000, 0x0000000100000000)
  eden space 317952K, 0% used [0x00000000d7000000,0x00000000d7000000,0x00000000ea680000)
  from space 17408K, 48% used [0x00000000ea680000,0x00000000eaec03f0,0x00000000eb780000)
  to   space 16384K, 0% used [0x00000000f3100000,0x00000000f3100000,0x00000000f4100000)
 ParOldGen       total 65536K, used 28562K [0x0000000085000000, 0x0000000089000000, 0x00000000d7000000)
  object space 65536K, 43% used [0x0000000085000000,0x0000000086be4ac0,0x0000000089000000)
 Metaspace       used 56394K, capacity 59100K, committed 59136K, reserved 1099776K
  class space    used 7425K, capacity 7914K, committed 7936K, reserved 1048576K
}
Event: 20.886 GC heap before
{Heap before GC invocations=14 (full 3):
 PSYoungGen      total 335360K, used 8448K [0x00000000d7000000, 0x00000000f4100000, 0x0000000100000000)
  eden space 317952K, 0% used [0x00000000d7000000,0x00000000d7000000,0x00000000ea680000)
  from space 17408K, 48% used [0x00000000ea680000,0x00000000eaec03f0,0x00000000eb780000)
  to   space 16384K, 0% used [0x00000000f3100000,0x00000000f3100000,0x00000000f4100000)
 ParOldGen       total 65536K, used 28562K [0x0000000085000000, 0x0000000089000000, 0x00000000d7000000)
  object space 65536K, 43% used [0x0000000085000000,0x0000000086be4ac0,0x0000000089000000)
 Metaspace       used 56394K, capacity 59100K, committed 59136K, reserved 1099776K
  class space    used 7425K, capacity 7914K, committed 7936K, reserved 1048576K
Event: 21.027 GC heap after
Heap after GC invocations=14 (full 3):
 PSYoungGen      total 335360K, used 0K [0x00000000d7000000, 0x00000000f4100000, 0x0000000100000000)
  eden space 317952K, 0% used [0x00000000d7000000,0x00000000d7000000,0x00000000ea680000)
  from space 17408K, 0% used [0x00000000ea680000,0x00000000ea680000,0x00000000eb780000)
  to   space 16384K, 0% used [0x00000000f3100000,0x00000000f3100000,0x00000000f4100000)
 ParOldGen       total 92672K, used 26973K [0x0000000085000000, 0x000000008aa80000, 0x00000000d7000000)
  object space 92672K, 29% used [0x0000000085000000,0x0000000086a57510,0x000000008aa80000)
 Metaspace       used 56390K, capacity 59094K, committed 59136K, reserved 1099776K
  class space    used 7424K, capacity 7913K, committed 7936K, reserved 1048576K
}
Event: 78.645 GC heap before
{Heap before GC invocations=15 (full 3):
 PSYoungGen      total 335360K, used 317952K [0x00000000d7000000, 0x00000000f4100000, 0x0000000100000000)
  eden space 317952K, 100% used [0x00000000d7000000,0x00000000ea680000,0x00000000ea680000)
  from space 17408K, 0% used [0x00000000ea680000,0x00000000ea680000,0x00000000eb780000)
  to   space 16384K, 0% used [0x00000000f3100000,0x00000000f3100000,0x00000000f4100000)
 ParOldGen       total 92672K, used 26973K [0x0000000085000000, 0x000000008aa80000, 0x00000000d7000000)
  object space 92672K, 29% used [0x0000000085000000,0x0000000086a57510,0x000000008aa80000)
 Metaspace       used 64327K, capacity 67814K, committed 67968K, reserved 1107968K
  class space    used 8371K, capacity 8989K, committed 9088K, reserved 1048576K
Event: 78.662 GC heap after
Heap after GC invocations=15 (full 3):
 PSYoungGen      total 438784K, used 13811K [0x00000000d7000000, 0x00000000f3e80000, 0x0000000100000000)
  eden space 424960K, 0% used [0x00000000d7000000,0x00000000d7000000,0x00000000f0f00000)
  from space 13824K, 99% used [0x00000000f3100000,0x00000000f3e7cf20,0x00000000f3e80000)
  to   space 17920K, 0% used [0x00000000f1b80000,0x00000000f1b80000,0x00000000f2d00000)
 ParOldGen       total 92672K, used 26981K [0x0000000085000000, 0x000000008aa80000, 0x00000000d7000000)
  object space 92672K, 29% used [0x0000000085000000,0x0000000086a59510,0x000000008aa80000)
 Metaspace       used 64327K, capacity 67814K, committed 67968K, reserved 1107968K
  class space    used 8371K, capacity 8989K, committed 9088K, reserved 1048576K
}
Event: 409.518 GC heap before
{Heap before GC invocations=16 (full 3):
 PSYoungGen      total 438784K, used 438771K [0x00000000d7000000, 0x00000000f3e80000, 0x0000000100000000)
  eden space 424960K, 100% used [0x00000000d7000000,0x00000000f0f00000,0x00000000f0f00000)
  from space 13824K, 99% used [0x00000000f3100000,0x00000000f3e7cf20,0x00000000f3e80000)
  to   space 17920K, 0% used [0x00000000f1b80000,0x00000000f1b80000,0x00000000f2d00000)
 ParOldGen       total 92672K, used 26981K [0x0000000085000000, 0x000000008aa80000, 0x00000000d7000000)
  object space 92672K, 29% used [0x0000000085000000,0x0000000086a59510,0x000000008aa80000)
 Metaspace       used 77045K, capacity 80962K, committed 81024K, reserved 1120256K
  class space    used 9395K, capacity 10056K, committed 10112K, reserved 1048576K

