# JRE version: OpenJDK Runtime Environment (8.0_222-b10) (build 1.8.0_222-8u222-b10-1ubuntu1~18.04.1-b10)
# Java VM: OpenJDK 64-Bit Server VM (25.222-b10 mixed mode linux-amd64 compressed oops)
Heap:
 PSYoungGen      total 372224K, used 1015K [0x00000000d7000000, 0x00000000eee80000, 0x0000000100000000)
  eden space 352768K, 0% used [0x00000000d7000000,0x00000000d7000000,0x00000000ec880000)
  from space 19456K, 5% used [0x00000000ec880000,0x00000000ec97dff8,0x00000000edb80000)
  to   space 12800K, 0% used [0x00000000ede80000,0x00000000ede80000,0x00000000eeb00000)
 ParOldGen       total 57856K, used 36445K [0x0000000085000000, 0x0000000088880000, 0x00000000d7000000)
  object space 57856K, 62% used [0x0000000085000000,0x00000000873976d8,0x0000000088880000)
 Metaspace       used 56140K, capacity 59058K, committed 59096K, reserved 1099776K
  class space    used 7556K, capacity 8055K, committed 8064K, reserved 1048576K
GC Heap History (10 events):
Event: 10,604 GC heap after
Heap after GC invocations=8 (full 1):
 PSYoungGen      total 136704K, used 7299K [0x00000000d7000000, 0x00000000e6f00000, 0x0000000100000000)
  eden space 126976K, 0% used [0x00000000d7000000,0x00000000d7000000,0x00000000dec00000)
  from space 9728K, 75% used [0x00000000dec00000,0x00000000df320fd8,0x00000000df580000)
  to   space 10240K, 0% used [0x00000000e6500000,0x00000000e6500000,0x00000000e6f00000)
 ParOldGen       total 43008K, used 4535K [0x0000000085000000, 0x0000000087a00000, 0x00000000d7000000)
  object space 43008K, 10% used [0x0000000085000000,0x000000008546df58,0x0000000087a00000)
 Metaspace       used 24559K, capacity 25792K, committed 25984K, reserved 1071104K
  class space    used 3112K, capacity 3370K, committed 3456K, reserved 1048576K
}
Event: 13,402 GC heap before
{Heap before GC invocations=9 (full 1):
 PSYoungGen      total 136704K, used 134275K [0x00000000d7000000, 0x00000000e6f00000, 0x0000000100000000)
  eden space 126976K, 100% used [0x00000000d7000000,0x00000000dec00000,0x00000000dec00000)
  from space 9728K, 75% used [0x00000000dec00000,0x00000000df320fd8,0x00000000df580000)
  to   space 10240K, 0% used [0x00000000e6500000,0x00000000e6500000,0x00000000e6f00000)
 ParOldGen       total 43008K, used 4535K [0x0000000085000000, 0x0000000087a00000, 0x00000000d7000000)
  object space 43008K, 10% used [0x0000000085000000,0x000000008546df58,0x0000000087a00000)
 Metaspace       used 31017K, capacity 32850K, committed 33152K, reserved 1077248K
  class space    used 3985K, capacity 4357K, committed 4480K, reserved 1048576K
Event: 13,436 GC heap after
Heap after GC invocations=9 (full 1):
 PSYoungGen      total 248832K, used 10214K [0x00000000d7000000, 0x00000000e7000000, 0x0000000100000000)
  eden space 238592K, 0% used [0x00000000d7000000,0x00000000d7000000,0x00000000e5900000)
  from space 10240K, 99% used [0x00000000e6500000,0x00000000e6ef9bb8,0x00000000e6f00000)
  to   space 11776K, 0% used [0x00000000e5900000,0x00000000e5900000,0x00000000e6480000)
 ParOldGen       total 43008K, used 5502K [0x0000000085000000, 0x0000000087a00000, 0x00000000d7000000)
  object space 43008K, 12% used [0x0000000085000000,0x000000008555faf8,0x0000000087a00000)
 Metaspace       used 31017K, capacity 32850K, committed 33152K, reserved 1077248K
  class space    used 3985K, capacity 4357K, committed 4480K, reserved 1048576K
}
Event: 14,246 GC heap before
{Heap before GC invocations=10 (full 1):
 PSYoungGen      total 248832K, used 70446K [0x00000000d7000000, 0x00000000e7000000, 0x0000000100000000)
  eden space 238592K, 25% used [0x00000000d7000000,0x00000000daad1ee8,0x00000000e5900000)
  from space 10240K, 99% used [0x00000000e6500000,0x00000000e6ef9bb8,0x00000000e6f00000)
  to   space 11776K, 0% used [0x00000000e5900000,0x00000000e5900000,0x00000000e6480000)
 ParOldGen       total 43008K, used 5502K [0x0000000085000000, 0x0000000087a00000, 0x00000000d7000000)
  object space 43008K, 12% used [0x0000000085000000,0x000000008555faf8,0x0000000087a00000)
 Metaspace       used 33488K, capacity 35328K, committed 35456K, reserved 1079296K
  class space    used 4256K, capacity 4612K, committed 4736K, reserved 1048576K
Event: 14,257 GC heap after
Heap after GC invocations=10 (full 1):
 PSYoungGen      total 250368K, used 9008K [0x00000000d7000000, 0x00000000eeb00000, 0x0000000100000000)
  eden space 238592K, 0% used [0x00000000d7000000,0x00000000d7000000,0x00000000e5900000)
  from space 11776K, 76% used [0x00000000e5900000,0x00000000e61cc298,0x00000000e6480000)
  to   space 12800K, 0% used [0x00000000ede80000,0x00000000ede80000,0x00000000eeb00000)
 ParOldGen       total 43008K, used 5574K [0x0000000085000000, 0x0000000087a00000, 0x00000000d7000000)
  object space 43008K, 12% used [0x0000000085000000,0x0000000085571b08,0x0000000087a00000)
 Metaspace       used 33488K, capacity 35328K, committed 35456K, reserved 1079296K
  class space    used 4256K, capacity 4612K, committed 4736K, reserved 1048576K
}
Event: 14,257 GC heap before
{Heap before GC invocations=11 (full 2):
 PSYoungGen      total 250368K, used 9008K [0x00000000d7000000, 0x00000000eeb00000, 0x0000000100000000)
  eden space 238592K, 0% used [0x00000000d7000000,0x00000000d7000000,0x00000000e5900000)
  from space 11776K, 76% used [0x00000000e5900000,0x00000000e61cc298,0x00000000e6480000)
  to   space 12800K, 0% used [0x00000000ede80000,0x00000000ede80000,0x00000000eeb00000)
 ParOldGen       total 43008K, used 5574K [0x0000000085000000, 0x0000000087a00000, 0x00000000d7000000)
  object space 43008K, 12% used [0x0000000085000000,0x0000000085571b08,0x0000000087a00000)
 Metaspace       used 33488K, capacity 35328K, committed 35456K, reserved 1079296K
  class space    used 4256K, capacity 4612K, committed 4736K, reserved 1048576K
Event: 14,311 GC heap after
Heap after GC invocations=11 (full 2):
 PSYoungGen      total 250368K, used 0K [0x00000000d7000000, 0x00000000eeb00000, 0x0000000100000000)
  eden space 238592K, 0% used [0x00000000d7000000,0x00000000d7000000,0x00000000e5900000)
  from space 11776K, 0% used [0x00000000e5900000,0x00000000e5900000,0x00000000e6480000)
  to   space 12800K, 0% used [0x00000000ede80000,0x00000000ede80000,0x00000000eeb00000)
 ParOldGen       total 57856K, used 13146K [0x0000000085000000, 0x0000000088880000, 0x00000000d7000000)
  object space 57856K, 22% used [0x0000000085000000,0x0000000085cd68b8,0x0000000088880000)
 Metaspace       used 33488K, capacity 35328K, committed 35456K, reserved 1079296K
  class space    used 4256K, capacity 4612K, committed 4736K, reserved 1048576K
}
Event: 98,707 GC heap before
{Heap before GC invocations=12 (full 2):
 PSYoungGen      total 250368K, used 238592K [0x00000000d7000000, 0x00000000eeb00000, 0x0000000100000000)
  eden space 238592K, 100% used [0x00000000d7000000,0x00000000e5900000,0x00000000e5900000)
  from space 11776K, 0% used [0x00000000e5900000,0x00000000e5900000,0x00000000e6480000)
  to   space 12800K, 0% used [0x00000000ede80000,0x00000000ede80000,0x00000000eeb00000)
 ParOldGen       total 57856K, used 13146K [0x0000000085000000, 0x0000000088880000, 0x00000000d7000000)
  object space 57856K, 22% used [0x0000000085000000,0x0000000085cd68b8,0x0000000088880000)
 Metaspace       used 55476K, capacity 58476K, committed 58752K, reserved 1099776K
  class space    used 7468K, capacity 7988K, committed 8064K, reserved 1048576K
Event: 100,057 GC heap after
Heap after GC invocations=12 (full 2):
 PSYoungGen      total 365568K, used 12789K [0x00000000d7000000, 0x00000000eee80000, 0x0000000100000000)
  eden space 352768K, 0% used [0x00000000d7000000,0x00000000d7000000,0x00000000ec880000)
  from space 12800K, 99% used [0x00000000ede80000,0x00000000eeafd588,0x00000000eeb00000)
  to   space 19456K, 0% used [0x00000000ec880000,0x00000000ec880000,0x00000000edb80000)
 ParOldGen       total 57856K, used 26822K [0x0000000085000000, 0x0000000088880000, 0x00000000d7000000)
  object space 57856K, 46% used [0x0000000085000000,0x0000000086a31920,0x0000000088880000)
 Metaspace       used 55476K, capacity 58476K, committed 58752K, reserved 1099776K
  class space    used 7468K, capacity 7988K, committed 8064K, reserved 1048576K
}
Event: 109,914 GC heap before
{Heap before GC invocations=13 (full 2):
 PSYoungGen      total 365568K, used 27947K [0x00000000d7000000, 0x00000000eee80000, 0x0000000100000000)
  eden space 352768K, 4% used [0x00000000d7000000,0x00000000d7ecd958,0x00000000ec880000)
  from space 12800K, 99% used [0x00000000ede80000,0x00000000eeafd588,0x00000000eeb00000)
  to   space 19456K, 0% used [0x00000000ec880000,0x00000000ec880000,0x00000000edb80000)
 ParOldGen       total 57856K, used 26822K [0x0000000085000000, 0x0000000088880000, 0x00000000d7000000)
  object space 57856K, 46% used [0x0000000085000000,0x0000000086a31920,0x0000000088880000)
 Metaspace       used 56140K, capacity 59058K, committed 59096K, reserved 1099776K
  class space    used 7556K, capacity 8055K, committed 8064K, reserved 1048576K

