# JRE version: OpenJDK Runtime Environment (8.0_222-b10) (build 1.8.0_222-8u222-b10-1ubuntu1~16.04.1-b10)
# Java VM: OpenJDK 64-Bit Server VM (25.222-b10 mixed mode linux-amd64 compressed oops)
Heap:
 PSYoungGen      total 267264K, used 27618K [0x00000000d7000000, 0x00000000e9500000, 0x0000000100000000)
  eden space 239616K, 0% used [0x00000000d7000000,0x00000000d7000000,0x00000000e5a00000)
  from space 27648K, 99% used [0x00000000e7a00000,0x00000000e94f8820,0x00000000e9500000)
  to   space 22528K, 0% used [0x00000000e5a00000,0x00000000e5a00000,0x00000000e7000000)
 ParOldGen       total 232960K, used 232799K [0x0000000085000000, 0x0000000093380000, 0x00000000d7000000)
  object space 232960K, 99% used [0x0000000085000000,0x0000000093357d98,0x0000000093380000)
 Metaspace       used 33060K, capacity 33918K, committed 34304K, reserved 1079296K
  class space    used 3669K, capacity 3982K, committed 4096K, reserved 1048576K
GC Heap History (10 events):
Event: 14.772 GC heap after
Heap after GC invocations=7 (full 0):
 PSYoungGen      total 139264K, used 13823K [0x00000000d7000000, 0x00000000e8600000, 0x0000000100000000)
  eden space 125440K, 0% used [0x00000000d7000000,0x00000000d7000000,0x00000000dea80000)
  from space 13824K, 99% used [0x00000000dea80000,0x00000000df7fff90,0x00000000df800000)
  to   space 16896K, 0% used [0x00000000e7580000,0x00000000e7580000,0x00000000e8600000)
 ParOldGen       total 84992K, used 15026K [0x0000000085000000, 0x000000008a300000, 0x00000000d7000000)
  object space 84992K, 17% used [0x0000000085000000,0x0000000085eacb00,0x000000008a300000)
 Metaspace       used 20740K, capacity 21172K, committed 21248K, reserved 1069056K
  class space    used 2409K, capacity 2554K, committed 2560K, reserved 1048576K
}
Event: 14.772 GC heap before
{Heap before GC invocations=8 (full 1):
 PSYoungGen      total 139264K, used 13823K [0x00000000d7000000, 0x00000000e8600000, 0x0000000100000000)
  eden space 125440K, 0% used [0x00000000d7000000,0x00000000d7000000,0x00000000dea80000)
  from space 13824K, 99% used [0x00000000dea80000,0x00000000df7fff90,0x00000000df800000)
  to   space 16896K, 0% used [0x00000000e7580000,0x00000000e7580000,0x00000000e8600000)
 ParOldGen       total 84992K, used 15026K [0x0000000085000000, 0x000000008a300000, 0x00000000d7000000)
  object space 84992K, 17% used [0x0000000085000000,0x0000000085eacb00,0x000000008a300000)
 Metaspace       used 20740K, capacity 21172K, committed 21248K, reserved 1069056K
  class space    used 2409K, capacity 2554K, committed 2560K, reserved 1048576K
Event: 14.940 GC heap after
Heap after GC invocations=8 (full 1):
 PSYoungGen      total 139264K, used 0K [0x00000000d7000000, 0x00000000e8600000, 0x0000000100000000)
  eden space 125440K, 0% used [0x00000000d7000000,0x00000000d7000000,0x00000000dea80000)
  from space 13824K, 0% used [0x00000000dea80000,0x00000000dea80000,0x00000000df800000)
  to   space 16896K, 0% used [0x00000000e7580000,0x00000000e7580000,0x00000000e8600000)
 ParOldGen       total 77824K, used 24460K [0x0000000085000000, 0x0000000089c00000, 0x00000000d7000000)
  object space 77824K, 31% used [0x0000000085000000,0x00000000867e3268,0x0000000089c00000)
 Metaspace       used 20740K, capacity 21172K, committed 21248K, reserved 1069056K
  class space    used 2409K, capacity 2554K, committed 2560K, reserved 1048576K
}
Event: 18.920 GC heap before
{Heap before GC invocations=9 (full 1):
 PSYoungGen      total 139264K, used 125440K [0x00000000d7000000, 0x00000000e8600000, 0x0000000100000000)
  eden space 125440K, 100% used [0x00000000d7000000,0x00000000dea80000,0x00000000dea80000)
  from space 13824K, 0% used [0x00000000dea80000,0x00000000dea80000,0x00000000df800000)
  to   space 16896K, 0% used [0x00000000e7580000,0x00000000e7580000,0x00000000e8600000)
 ParOldGen       total 77824K, used 24460K [0x0000000085000000, 0x0000000089c00000, 0x00000000d7000000)
  object space 77824K, 31% used [0x0000000085000000,0x00000000867e3268,0x0000000089c00000)
 Metaspace       used 23459K, capacity 23924K, committed 24064K, reserved 1071104K
  class space    used 2613K, capacity 2746K, committed 2816K, reserved 1048576K
Event: 18.952 GC heap after
Heap after GC invocations=9 (full 1):
 PSYoungGen      total 206848K, used 16881K [0x00000000d7000000, 0x00000000e8600000, 0x0000000100000000)
  eden space 189952K, 0% used [0x00000000d7000000,0x00000000d7000000,0x00000000e2980000)
  from space 16896K, 99% used [0x00000000e7580000,0x00000000e85fc598,0x00000000e8600000)
  to   space 22528K, 0% used [0x00000000e5a00000,0x00000000e5a00000,0x00000000e7000000)
 ParOldGen       total 77824K, used 31771K [0x0000000085000000, 0x0000000089c00000, 0x00000000d7000000)
  object space 77824K, 40% used [0x0000000085000000,0x0000000086f06fd0,0x0000000089c00000)
 Metaspace       used 23459K, capacity 23924K, committed 24064K, reserved 1071104K
  class space    used 2613K, capacity 2746K, committed 2816K, reserved 1048576K
}
Event: 23.369 GC heap before
{Heap before GC invocations=10 (full 1):
 PSYoungGen      total 206848K, used 206833K [0x00000000d7000000, 0x00000000e8600000, 0x0000000100000000)
  eden space 189952K, 100% used [0x00000000d7000000,0x00000000e2980000,0x00000000e2980000)
  from space 16896K, 99% used [0x00000000e7580000,0x00000000e85fc598,0x00000000e8600000)
  to   space 22528K, 0% used [0x00000000e5a00000,0x00000000e5a00000,0x00000000e7000000)
 ParOldGen       total 77824K, used 31771K [0x0000000085000000, 0x0000000089c00000, 0x00000000d7000000)
  object space 77824K, 40% used [0x0000000085000000,0x0000000086f06fd0,0x0000000089c00000)
 Metaspace       used 26999K, capacity 27660K, committed 27776K, reserved 1073152K
  class space    used 2931K, capacity 3153K, committed 3200K, reserved 1048576K
Event: 23.395 GC heap after
Heap after GC invocations=10 (full 1):
 PSYoungGen      total 262144K, used 22525K [0x00000000d7000000, 0x00000000e9500000, 0x0000000100000000)
  eden space 239616K, 0% used [0x00000000d7000000,0x00000000d7000000,0x00000000e5a00000)
  from space 22528K, 99% used [0x00000000e5a00000,0x00000000e6fff6f0,0x00000000e7000000)
  to   space 27648K, 0% used [0x00000000e7a00000,0x00000000e7a00000,0x00000000e9500000)
 ParOldGen       total 77824K, used 35968K [0x0000000085000000, 0x0000000089c00000, 0x00000000d7000000)
  object space 77824K, 46% used [0x0000000085000000,0x0000000087320078,0x0000000089c00000)
 Metaspace       used 26999K, capacity 27660K, committed 27776K, reserved 1073152K
  class space    used 2931K, capacity 3153K, committed 3200K, reserved 1048576K
}
Event: 33.391 GC heap before
{Heap before GC invocations=11 (full 2):
 PSYoungGen      total 262144K, used 228716K [0x00000000d7000000, 0x00000000e9500000, 0x0000000100000000)
  eden space 239616K, 86% used [0x00000000d7000000,0x00000000e395bcd8,0x00000000e5a00000)
  from space 22528K, 99% used [0x00000000e5a00000,0x00000000e6fff6f0,0x00000000e7000000)
  to   space 27648K, 0% used [0x00000000e7a00000,0x00000000e7a00000,0x00000000e9500000)
 ParOldGen       total 77824K, used 75030K [0x0000000085000000, 0x0000000089c00000, 0x00000000d7000000)
  object space 77824K, 96% used [0x0000000085000000,0x0000000089945a88,0x0000000089c00000)
 Metaspace       used 30979K, capacity 31790K, committed 32128K, reserved 1077248K
  class space    used 3387K, capacity 3699K, committed 3712K, reserved 1048576K
Event: 33.591 GC heap after
Heap after GC invocations=11 (full 2):
 PSYoungGen      total 262144K, used 98083K [0x00000000d7000000, 0x00000000e9500000, 0x0000000100000000)
  eden space 239616K, 40% used [0x00000000d7000000,0x00000000dcfc8e38,0x00000000e5a00000)
  from space 22528K, 0% used [0x00000000e5a00000,0x00000000e5a00000,0x00000000e7000000)
  to   space 27648K, 0% used [0x00000000e7a00000,0x00000000e7a00000,0x00000000e9500000)
 ParOldGen       total 154112K, used 75029K [0x0000000085000000, 0x000000008e680000, 0x00000000d7000000)
  object space 154112K, 48% used [0x0000000085000000,0x00000000899455a0,0x000000008e680000)
 Metaspace       used 30976K, capacity 31784K, committed 32128K, reserved 1077248K
  class space    used 3386K, capacity 3697K, committed 3712K, reserved 1048576K
}
Event: 43.677 GC heap before
{Heap before GC invocations=12 (full 2):
 PSYoungGen      total 262144K, used 239616K [0x00000000d7000000, 0x00000000e9500000, 0x0000000100000000)
  eden space 239616K, 100% used [0x00000000d7000000,0x00000000e5a00000,0x00000000e5a00000)
  from space 22528K, 0% used [0x00000000e5a00000,0x00000000e5a00000,0x00000000e7000000)
  to   space 27648K, 0% used [0x00000000e7a00000,0x00000000e7a00000,0x00000000e9500000)
 ParOldGen       total 154112K, used 75073K [0x0000000085000000, 0x000000008e680000, 0x00000000d7000000)
  object space 154112K, 48% used [0x0000000085000000,0x0000000089950600,0x000000008e680000)
 Metaspace       used 33060K, capacity 33918K, committed 34304K, reserved 1079296K
  class space    used 3669K, capacity 3982K, committed 4096K, reserved 1048576K

